This is pdfTeX, Version 3.141592653-2.6-1.40.24 (TeX Live 2022/MacPorts 2022.62882_0) (preloaded format=latex 2022.5.14)  15 MAY 2022 08:57
entering extended mode
 restricted \write18 enabled.
 file:line:error style messages enabled.
 %&-line parsing enabled.
**Rutherford.tex
(./Rutherford.tex
LaTeX2e <2021-11-15> patch level 1
L3 programming layer <2022-02-24>
(/opt/local/share/texmf-texlive/tex/latex/revtex4-1/revtex4-1.cls
Document Class: revtex4-1 2020/09/30 4.1s (http://publish.aps.org/revtex4/ for 
documentation)
 Copyright (c) 2009 The American Physical Society.
 mailto:revtex@aps.org
 Licensed under the LPPL:
http://www.ctan.org/tex-archive/macros/latex/base/lppl.txt
 Arthur Ogawa <arthur_ogawa at sbcglobal dot net>
 Based on work by David Carlisle <david at dcarlisle.demon.co.uk>.
ltxutil[2020/09/30 4.1s utilities package (portions licensed from W. E. Baxter 
web at superscript.com)]
LaTeX Info: Redefining \@centercr on input line 346.
Class revtex4-1 Info: Repairing hyperref-unfriendly LaTeX definition of \mpfoot
note on input line 471.
Class revtex4-1 Info: Repairing broken LateX \@sect on input line 793.
\intertabularlinepenalty=\count185
\@tbpen=\count186
\@arstrutbox@hline=\box50
Class revtex4-1 Info: Repairing broken LaTeX \@xbitor on input line 1824.
Class revtex4-1 Info: Making \typeout \long on input line 2089.
ltxfront[2020/09/30 4.1s frontmatter package (AO,DPC)]
\c@affil=\count187
\c@collab=\count188
\absbox=\box51
ltxgrid[2020/09/30 4.1s page grid package (portions licensed from W. E. Baxter 
web at superscript.com)]
\c@linecount=\count189
\output@latex=\toks16
\box@size@1=\box52
\box@size@2=\box53
\@protection@box=\box54
\@topmark@saved=\toks17
\footins@saved=\box55
\footins@recovered=\box56
\column@recovered=\box57
\pagesofar=\box58
\footsofar=\box59
\pagegrid@col=\count190
Class revtex4-1 Info: Overriding \@vspace, \@vspacer, \@no@pgbk, \@newline, and
 \\  on input line 5655.
\c@part=\count191
\c@section=\count192
\c@subsection=\count193
\c@subsubsection=\count194
\c@paragraph=\count195
\c@subparagraph=\count196
\abovecaptionskip=\skip47
\belowcaptionskip=\skip48
\c@figure=\count197
\fbox@1=\box60
\c@table=\count198
\fbox@2=\box61
\c@video=\count199
\fbox@4=\box62
\@bibdataout=\write3
\widetext@top=\box63
\widetext@bot=\box64
Class revtex4-1 Info: Selecting society aps on input line 7616.
(/opt/local/share/texmf-texlive/tex/latex/revtex4-1/aps4-1.rtx
File: aps4-1 2020/09/30 4.1s (http://publish.aps.org/revtex4/ for documentation
)
Class revtex4-1 Info: RevTeX society APS selected on input line 31.
)
Class revtex4-1 Info: Selecting journal prb on input line 7618.
Class revtex4-1 Info: APS journal PRB selected on input line 7619.

(/opt/local/share/texmf-texlive/tex/latex/revtex4-1/aps12pt4-1.rtx
File: aps12pt4-1 2020/09/30 4.1s (http://publish.aps.org/revtex4/ for documenta
tion)
Class revtex4-1 Info: RevTeX pointsize 12pt selected on input line 30.
)
(/opt/local/share/texmf-texlive/tex/latex/textcase/textcase.sty
Package: textcase 2019/09/14 v1.00 Text only upper/lower case changing (DPC)
)
(/opt/local/share/texmf-texlive/tex/latex/url/url.sty
\Urlmuskip=\muskip16
Package: url 2013/09/16  ver 3.4  Verb mode for urls, etc.
)
(/opt/local/share/texmf-texlive/tex/latex/natbib/natbib.sty
Package: natbib 2010/09/13 8.31b (PWD, AO)
\bibhang=\skip49
\bibsep=\skip50
LaTeX Info: Redefining \cite on input line 694.
\c@NAT@ctr=\count266
)
Class revtex4-1 Info: Repairing natbib's \BibitemShut on input line 7623.

(/opt/local/share/texmf-texlive/tex/latex/revtex4-1/revsymb4-1.sty
Package: revsymb4-1 2020/09/30 4.1s (http://publish.aps.org/revtex4/ for docume
ntation)
LaTeX Info: Redefining \REV@mathfrak on input line 119.
))
(/opt/local/share/texmf-texlive/tex/latex/amsmath/amsmath.sty
Package: amsmath 2021/10/15 v2.17l AMS math features
\@mathmargin=\skip51

For additional information on amsmath, use the `?' option.
(/opt/local/share/texmf-texlive/tex/latex/amsmath/amstext.sty
Package: amstext 2021/08/26 v2.01 AMS text

(/opt/local/share/texmf-texlive/tex/latex/amsmath/amsgen.sty
File: amsgen.sty 1999/11/30 v2.0 generic functions
\@emptytoks=\toks18
\ex@=\dimen138
)
LaTeX Info: Redefining \text on input line 28.
)
(/opt/local/share/texmf-texlive/tex/latex/amsmath/amsbsy.sty
Package: amsbsy 1999/11/29 v1.2d Bold Symbols
\pmbraise@=\dimen139
)
(/opt/local/share/texmf-texlive/tex/latex/amsmath/amsopn.sty
Package: amsopn 2021/08/26 v2.02 operator names
)
\inf@bad=\count267
LaTeX Info: Redefining \frac on input line 234.
\uproot@=\count268
\leftroot@=\count269
LaTeX Info: Redefining \overline on input line 399.
\classnum@=\count270
\DOTSCASE@=\count271
LaTeX Info: Redefining \ldots on input line 496.
LaTeX Info: Redefining \dots on input line 499.
LaTeX Info: Redefining \cdots on input line 620.
\Mathstrutbox@=\box65
\strutbox@=\box66
\big@size=\dimen140
LaTeX Font Info:    Redeclaring font encoding OML on input line 743.
LaTeX Font Info:    Redeclaring font encoding OMS on input line 744.
\macc@depth=\count272
\c@MaxMatrixCols=\count273
\dotsspace@=\muskip17
\c@parentequation=\count274
\dspbrk@lvl=\count275
\tag@help=\toks19
\row@=\count276
\column@=\count277
\maxfields@=\count278
\andhelp@=\toks20
\eqnshift@=\dimen141
\alignsep@=\dimen142
\tagshift@=\dimen143
\tagwidth@=\dimen144
\totwidth@=\dimen145
\lineht@=\dimen146
\@envbody=\toks21
\multlinegap=\skip52
\multlinetaggap=\skip53
\mathdisplay@stack=\toks22
LaTeX Info: Redefining \[ on input line 2938.
LaTeX Info: Redefining \] on input line 2939.
)
(/opt/local/share/texmf-texlive/tex/latex/amsfonts/amssymb.sty
Package: amssymb 2013/01/14 v3.01 AMS font symbols

(/opt/local/share/texmf-texlive/tex/latex/amsfonts/amsfonts.sty
Package: amsfonts 2013/01/14 v3.01 Basic AMSFonts support
\symAMSa=\mathgroup4
\symAMSb=\mathgroup5
LaTeX Font Info:    Redeclaring math symbol \hbar on input line 98.
LaTeX Font Info:    Overwriting math alphabet `\mathfrak' in version `bold'
(Font)                  U/euf/m/n --> U/euf/b/n on input line 106.
LaTeX Info: Redefining \frak on input line 111.
LaTeX Info: Redefining \Bbb on input line 113.
))
(/opt/local/share/texmf-texlive/tex/latex/graphics/graphicx.sty
Package: graphicx 2021/09/16 v1.2d Enhanced LaTeX Graphics (DPC,SPQR)

(/opt/local/share/texmf-texlive/tex/latex/graphics/keyval.sty
Package: keyval 2014/10/28 v1.15 key=value parser (DPC)
\KV@toks@=\toks23
)
(/opt/local/share/texmf-texlive/tex/latex/graphics/graphics.sty
Package: graphics 2021/03/04 v1.4d Standard LaTeX Graphics (DPC,SPQR)

(/opt/local/share/texmf-texlive/tex/latex/graphics/trig.sty
Package: trig 2021/08/11 v1.11 sin cos tan (DPC)
)
(/opt/local/share/texmf-texlive/tex/latex/graphics-cfg/graphics.cfg
File: graphics.cfg 2016/06/04 v1.11 sample graphics configuration
)
Package graphics Info: Driver file: pdftex.def on input line 107.

(/opt/local/share/texmf-texlive/tex/latex/graphics-def/pdftex.def
File: pdftex.def 2020/10/05 v1.2a Graphics/color driver for pdftex
))
\Gin@req@height=\dimen147
\Gin@req@width=\dimen148
)
Class revtex4-1 Info: Unrecognized LaTeX tabular. Please update this document c
lass! (Proceeding with fingers crossed.) on input line 9.
Class revtex4-1 Info: cite was not loaded (OK!) on input line 9.
Class revtex4-1 Info: mcite was not loaded (OK!) on input line 9.
Class revtex4-1 Info: multicol was not loaded (OK!) on input line 9.

(/opt/local/share/texmf-texlive/tex/latex/l3backend/l3backend-pdftex.def
File: l3backend-pdftex.def 2022-02-07 L3 backend support: PDF output (pdfTeX)
\l__color_backend_stack_int=\count279
\l__pdf_internal_box=\box67
)
(./Rutherford.aux)
\openout1 = `Rutherford.aux'.

LaTeX Font Info:    Checking defaults for OML/cmm/m/it on input line 9.
LaTeX Font Info:    ... okay on input line 9.
LaTeX Font Info:    Checking defaults for OMS/cmsy/m/n on input line 9.
LaTeX Font Info:    ... okay on input line 9.
LaTeX Font Info:    Checking defaults for OT1/cmr/m/n on input line 9.
LaTeX Font Info:    ... okay on input line 9.
LaTeX Font Info:    Checking defaults for T1/cmr/m/n on input line 9.
LaTeX Font Info:    ... okay on input line 9.
LaTeX Font Info:    Checking defaults for TS1/cmr/m/n on input line 9.
LaTeX Font Info:    ... okay on input line 9.
LaTeX Font Info:    Checking defaults for OMX/cmex/m/n on input line 9.
LaTeX Font Info:    ... okay on input line 9.
LaTeX Font Info:    Checking defaults for U/cmr/m/n on input line 9.
LaTeX Font Info:    ... okay on input line 9.

(/opt/local/share/texmf-texlive/tex/context/base/mkii/supp-pdf.mkii
[Loading MPS to PDF converter (version 2006.09.02).]
\scratchcounter=\count280
\scratchdimen=\dimen149
\scratchbox=\box68
\nofMPsegments=\count281
\nofMParguments=\count282
\everyMPshowfont=\toks24
\MPscratchCnt=\count283
\MPscratchDim=\dimen150
\MPnumerator=\count284
\makeMPintoPDFobject=\count285
\everyMPtoPDFconversion=\toks25
) (/opt/local/share/texmf-texlive/tex/latex/epstopdf-pkg/epstopdf-base.sty
Package: epstopdf-base 2020-01-24 v2.11 Base part for package epstopdf
Package epstopdf-base Info: Redefining graphics rule for `.eps' on input line 4
85.

(/opt/local/share/texmf-texlive/tex/latex/latexconfig/epstopdf-sys.cfg
File: epstopdf-sys.cfg 2010/07/13 v1.3 Configuration of (r)epstopdf for TeX Liv
e
))
\openout3 = `RutherfordNotes.bib'.

LaTeX Font Info:    Trying to load font information for U+msa on input line 32.


(/opt/local/share/texmf-texlive/tex/latex/amsfonts/umsa.fd
File: umsa.fd 2013/01/14 v3.01 AMS symbols A
)
LaTeX Font Info:    Trying to load font information for U+msb on input line 32.


(/opt/local/share/texmf-texlive/tex/latex/amsfonts/umsb.fd
File: umsb.fd 2013/01/14 v3.01 AMS symbols B
) [1{/opt/local/var/db/texmf/fonts/map/pdftex/updmap/pdftex.map}] [2] [3] [4] [
5] [6] [7] [8]
[9] [10] [11] [12] [13] [14]
Overfull \hbox (27.30817pt too wide) in paragraph at lines 491--495
\OT1/cmr/m/n/12 In the re-gion $0 \OMS/cmsy/m/n/12 ^^T \OML/cmm/m/it/12 p < \OT
1/cmr/m/n/12 1$, which lies in-side the mag-netic sep-a-ra-trix, let $[] \OML/c
mm/m/it/12 ' \OT1/cmr/m/n/12 = [](\OML/cmm/m/it/12 ^^X=\OT1/cmr/m/n/12 2)\OML/c
mm/m/it/12 = []\OT1/cmr/m/n/12 (\OML/cmm/m/it/12 ^^X[]=\OT1/cmr/m/n/12 2) =
 []

[15] [16]
Overfull \hbox (18.09995pt too wide) in paragraph at lines 564--568
\OT1/cmr/m/n/12 In the re-gion $0 \OMS/cmsy/m/n/12 ^^T \OML/cmm/m/it/12 p < \OT
1/cmr/m/n/12 1$, which lies in-side the mag-netic sep-a-ra-trix, let $[] \OML/c
mm/m/it/12 ' \OT1/cmr/m/n/12 = [](\OML/cmm/m/it/12 ^^X=\OT1/cmr/m/n/12 2)\OML/c
mm/m/it/12 = []\OT1/cmr/m/n/12 (\OML/cmm/m/it/12 ^^X[]=\OT1/cmr/m/n/12 2)$.
 []

[17] [18]
Overfull \hbox (3.175pt too wide) in paragraph at lines 633--635
\OT1/cmr/m/n/12 at the in-ter-nal mag-netic O-points. In the re-gion, $\OML/cmm
/m/it/12 p[] \OMS/cmsy/m/n/12 ^^T \OML/cmm/m/it/12 p < \OT1/cmr/m/n/12 0$, let 
$[] \OML/cmm/m/it/12 ' \OT1/cmr/m/n/12 = [](\OML/cmm/m/it/12 ^^X=\OT1/cmr/m/n/1
2 2)\OML/cmm/m/it/12 = []\OT1/cmr/m/n/12 (\OML/cmm/m/it/12 ^^X[]=\OT1/cmr/m/n/1
2 2)$.
 []

[19] [20] [21] [22] [23] [24] [25]
No file Rutherford.bbl.
Package epstopdf Info: Source file: <Figure1.eps>
(epstopdf)                    date: 2022-05-07 10:09:56
(epstopdf)                    size: 275486 bytes
(epstopdf)             Output file: <Figure1-eps-converted-to.pdf>
(epstopdf)                    date: 2022-05-07 10:09:56
(epstopdf)                    size: 83629 bytes
(epstopdf)             Command: <repstopdf --outfile=Figure1-eps-converted-to.p
df Figure1.eps>
(epstopdf)             \includegraphics on input line 863.
Package epstopdf Info: Output file is already uptodate.


pdfTeX warning: /opt/local/bin/latex (file ./Figure1-eps-converted-to.pdf): PDF
 inclusion: found PDF version <1.7>, but at most version <1.5> allowed
<Figure1-eps-converted-to.pdf, id=101, 867.24pt x 578.16pt>
File: Figure1-eps-converted-to.pdf Graphic file (type pdf)
<use Figure1-eps-converted-to.pdf>
Package pdftex.def Info: Figure1-eps-converted-to.pdf  used on input line 863.
(pdftex.def)             Requested size: 487.8213pt x 325.215pt.
[26]
Package epstopdf Info: Source file: <Figure2.eps>
(epstopdf)                    date: 2022-05-07 10:09:56
(epstopdf)                    size: 18341 bytes
(epstopdf)             Output file: <Figure2-eps-converted-to.pdf>
(epstopdf)                    date: 2022-05-07 10:09:56
(epstopdf)                    size: 9572 bytes
(epstopdf)             Command: <repstopdf --outfile=Figure2-eps-converted-to.p
df Figure2.eps>
(epstopdf)             \includegraphics on input line 869.
Package epstopdf Info: Output file is already uptodate.


pdfTeX warning: /opt/local/bin/latex (file ./Figure2-eps-converted-to.pdf): PDF
 inclusion: found PDF version <1.7>, but at most version <1.5> allowed
<Figure2-eps-converted-to.pdf, id=105, 722.7pt x 505.89pt>
File: Figure2-eps-converted-to.pdf Graphic file (type pdf)
<use Figure2-eps-converted-to.pdf>
Package pdftex.def Info: Figure2-eps-converted-to.pdf  used on input line 869.
(pdftex.def)             Requested size: 464.59958pt x 325.215pt.
Package epstopdf Info: Source file: <Figure3.eps>
(epstopdf)                    date: 2022-05-07 10:09:56
(epstopdf)                    size: 355352 bytes
(epstopdf)             Output file: <Figure3-eps-converted-to.pdf>
(epstopdf)                    date: 2022-05-07 10:09:56
(epstopdf)                    size: 104757 bytes
(epstopdf)             Command: <repstopdf --outfile=Figure3-eps-converted-to.p
df Figure3.eps>
(epstopdf)             \includegraphics on input line 874.
Package epstopdf Info: Output file is already uptodate.


pdfTeX warning: /opt/local/bin/latex (file ./Figure3-eps-converted-to.pdf): PDF
 inclusion: found PDF version <1.7>, but at most version <1.5> allowed
<Figure3-eps-converted-to.pdf, id=106, 867.24pt x 578.16pt>
File: Figure3-eps-converted-to.pdf Graphic file (type pdf)
<use Figure3-eps-converted-to.pdf>
Package pdftex.def Info: Figure3-eps-converted-to.pdf  used on input line 874.
(pdftex.def)             Requested size: 487.8213pt x 325.215pt.
Package epstopdf Info: Source file: <Figure4.eps>
(epstopdf)                    date: 2022-05-07 10:09:56
(epstopdf)                    size: 329975 bytes
(epstopdf)             Output file: <Figure4-eps-converted-to.pdf>
(epstopdf)                    date: 2022-05-07 10:09:56
(epstopdf)                    size: 98451 bytes
(epstopdf)             Command: <repstopdf --outfile=Figure4-eps-converted-to.p
df Figure4.eps>
(epstopdf)             \includegraphics on input line 881.
Package epstopdf Info: Output file is already uptodate.


pdfTeX warning: /opt/local/bin/latex (file ./Figure4-eps-converted-to.pdf): PDF
 inclusion: found PDF version <1.7>, but at most version <1.5> allowed
<Figure4-eps-converted-to.pdf, id=107, 867.24pt x 578.16pt>
File: Figure4-eps-converted-to.pdf Graphic file (type pdf)
<use Figure4-eps-converted-to.pdf>
Package pdftex.def Info: Figure4-eps-converted-to.pdf  used on input line 881.
(pdftex.def)             Requested size: 487.8213pt x 325.215pt.
Package epstopdf Info: Source file: <Figure5.eps>
(epstopdf)                    date: 2022-05-14 05:32:50
(epstopdf)                    size: 26999 bytes
(epstopdf)             Output file: <Figure5-eps-converted-to.pdf>
(epstopdf)                    date: 2022-05-14 05:32:50
(epstopdf)                    size: 11439 bytes
(epstopdf)             Command: <repstopdf --outfile=Figure5-eps-converted-to.p
df Figure5.eps>
(epstopdf)             \includegraphics on input line 888.
Package epstopdf Info: Output file is already uptodate.


pdfTeX warning: /opt/local/bin/latex (file ./Figure5-eps-converted-to.pdf): PDF
 inclusion: found PDF version <1.7>, but at most version <1.5> allowed
<Figure5-eps-converted-to.pdf, id=108, 722.7pt x 505.89pt>
File: Figure5-eps-converted-to.pdf Graphic file (type pdf)
<use Figure5-eps-converted-to.pdf>
Package pdftex.def Info: Figure5-eps-converted-to.pdf  used on input line 888.
(pdftex.def)             Requested size: 464.59958pt x 325.215pt.
Package epstopdf Info: Source file: <Figure6.eps>
(epstopdf)                    date: 2022-05-14 05:32:50
(epstopdf)                    size: 32897 bytes
(epstopdf)             Output file: <Figure6-eps-converted-to.pdf>
(epstopdf)                    date: 2022-05-14 05:32:50
(epstopdf)                    size: 15255 bytes
(epstopdf)             Command: <repstopdf --outfile=Figure6-eps-converted-to.p
df Figure6.eps>
(epstopdf)             \includegraphics on input line 896.
Package epstopdf Info: Output file is already uptodate.


pdfTeX warning: /opt/local/bin/latex (file ./Figure6-eps-converted-to.pdf): PDF
 inclusion: found PDF version <1.7>, but at most version <1.5> allowed
<Figure6-eps-converted-to.pdf, id=109, 722.7pt x 505.89pt>
File: Figure6-eps-converted-to.pdf Graphic file (type pdf)
<use Figure6-eps-converted-to.pdf>
Package pdftex.def Info: Figure6-eps-converted-to.pdf  used on input line 896.
(pdftex.def)             Requested size: 464.59958pt x 325.215pt.
Package epstopdf Info: Source file: <Figure7.eps>
(epstopdf)                    date: 2022-05-15 08:53:00
(epstopdf)                    size: 27884 bytes
(epstopdf)             Output file: <Figure7-eps-converted-to.pdf>
(epstopdf)                    date: 2022-05-15 08:53:14
(epstopdf)                    size: 14868 bytes
(epstopdf)             Command: <repstopdf --outfile=Figure7-eps-converted-to.p
df Figure7.eps>
(epstopdf)             \includegraphics on input line 904.
Package epstopdf Info: Output file is already uptodate.
<Figure7-eps-converted-to.pdf, id=110, 722.7pt x 505.89pt>
File: Figure7-eps-converted-to.pdf Graphic file (type pdf)
<use Figure7-eps-converted-to.pdf>
Package pdftex.def Info: Figure7-eps-converted-to.pdf  used on input line 904.
(pdftex.def)             Requested size: 464.59958pt x 325.215pt.
Package epstopdf Info: Source file: <Figure8.eps>
(epstopdf)                    date: 2022-05-14 05:32:50
(epstopdf)                    size: 27366 bytes
(epstopdf)             Output file: <Figure8-eps-converted-to.pdf>
(epstopdf)                    date: 2022-05-14 05:32:50
(epstopdf)                    size: 15481 bytes
(epstopdf)             Command: <repstopdf --outfile=Figure8-eps-converted-to.p
df Figure8.eps>
(epstopdf)             \includegraphics on input line 910.
Package epstopdf Info: Output file is already uptodate.


pdfTeX warning: /opt/local/bin/latex (file ./Figure8-eps-converted-to.pdf): PDF
 inclusion: found PDF version <1.7>, but at most version <1.5> allowed
<Figure8-eps-converted-to.pdf, id=111, 722.7pt x 505.89pt>
File: Figure8-eps-converted-to.pdf Graphic file (type pdf)
<use Figure8-eps-converted-to.pdf>
Package pdftex.def Info: Figure8-eps-converted-to.pdf  used on input line 910.
(pdftex.def)             Requested size: 464.59958pt x 325.215pt.
[27 <./Figure1-eps-converted-to.pdf>] [28 <./Figure2-eps-converted-to.pdf>]
[29 <./Figure3-eps-converted-to.pdf>] [30 <./Figure4-eps-converted-to.pdf>]
[31 <./Figure5-eps-converted-to.pdf>] [32 <./Figure6-eps-converted-to.pdf>]
[33 <./Figure7-eps-converted-to.pdf>] [34 <./Figure8-eps-converted-to.pdf>]
(./Rutherford.aux) ) 
Here is how much of TeX's memory you used:
 4747 strings out of 480153
 67278 string characters out of 5893955
 383282 words of memory out of 5000000
 22670 multiletter control sequences out of 15000+600000
 481526 words of font info for 74 fonts, out of 8000000 for 9000
 59 hyphenation exceptions out of 8191
 55i,15n,62p,494b,324s stack positions out of 10000i,1000n,20000p,200000b,200000s
</opt/local/share/texmf-texlive/fonts/type1/public/amsfonts
/cm/cmbx10.pfb></opt/local/share/texmf-texlive/fonts/type1/public/amsfonts/cm/c
mbx12.pfb></opt/local/share/texmf-texlive/fonts/type1/public/amsfonts/cm/cmex10
.pfb></opt/local/share/texmf-texlive/fonts/type1/public/amsfonts/cm/cmmi10.pfb>
</opt/local/share/texmf-texlive/fonts/type1/public/amsfonts/cm/cmmi12.pfb></opt
/local/share/texmf-texlive/fonts/type1/public/amsfonts/cm/cmmi6.pfb></opt/local
/share/texmf-texlive/fonts/type1/public/amsfonts/cm/cmmi8.pfb></opt/local/share
/texmf-texlive/fonts/type1/public/amsfonts/cm/cmmib10.pfb></opt/local/share/tex
mf-texlive/fonts/type1/public/amsfonts/cm/cmr10.pfb></opt/local/share/texmf-tex
live/fonts/type1/public/amsfonts/cm/cmr12.pfb></opt/local/share/texmf-texlive/f
onts/type1/public/amsfonts/cm/cmr6.pfb></opt/local/share/texmf-texlive/fonts/ty
pe1/public/amsfonts/cm/cmr7.pfb></opt/local/share/texmf-texlive/fonts/type1/pub
lic/amsfonts/cm/cmr8.pfb></opt/local/share/texmf-texlive/fonts/type1/public/ams
fonts/cm/cmsy10.pfb></opt/local/share/texmf-texlive/fonts/type1/public/amsfonts
/cm/cmsy6.pfb></opt/local/share/texmf-texlive/fonts/type1/public/amsfonts/cm/cm
sy8.pfb></opt/local/share/texmf-texlive/fonts/type1/public/amsfonts/cm/cmti10.p
fb></opt/local/share/texmf-texlive/fonts/type1/public/amsfonts/cm/cmti12.pfb></
opt/local/share/texmf-texlive/fonts/type1/public/amsfonts/symbols/msam10.pfb>
Output written on Rutherford.pdf (34 pages, 655919 bytes).
PDF statistics:
 419 PDF objects out of 1000 (max. 8388607)
 181 compressed objects within 2 object streams
 0 named destinations out of 1000 (max. 500000)
 41 words of extra memory for PDF output out of 10000 (max. 10000000)

